c:\users\win525\desktop\workspace\c++\window\systemswindow\windowssystem\windowssystem\debug\vc142.pdb
c:\users\win525\desktop\workspace\c++\window\systemswindow\windowssystem\windowssystem\debug\vc142.idb
c:\users\win525\desktop\workspace\c++\window\systemswindow\windowssystem\windowssystem\debug\adderprocess.obj
c:\users\win525\desktop\workspace\c++\window\systemswindow\windowssystem\windowssystem\debug\getsystemdirectory.obj
c:\users\win525\desktop\workspace\c++\window\systemswindow\windowssystem\windowssystem\debug\calculator.obj
c:\users\win525\desktop\workspace\c++\window\systemswindow\windowssystem\windowssystem\debug\createprocess.obj
c:\users\win525\desktop\workspace\c++\window\systemswindow\windowssystem\windowssystem\debug\prompt.obj
c:\users\win525\desktop\workspace\c++\window\systemswindow\windowssystem\windowssystem\debug\kerobjshare.obj
c:\users\win525\desktop\workspace\c++\window\systemswindow\windowssystem\windowssystem\debug\kernelobjprob2.obj
c:\users\win525\desktop\workspace\c++\window\systemswindow\windowssystem\debug\windowssystem.exe
c:\users\win525\desktop\workspace\c++\window\systemswindow\windowssystem\debug\windowssystem.ilk
c:\users\win525\desktop\workspace\c++\window\systemswindow\windowssystem\debug\windowssystem.pdb
c:\users\win525\desktop\workspace\c++\window\systemswindow\windowssystem\windowssystem\debug\operation1.obj
c:\users\win525\desktop\workspace\c++\window\systemswindow\windowssystem\windowssystem\debug\opertaion2.obj
c:\users\win525\desktop\workspace\c++\window\systemswindow\windowssystem\windowssystem\debug\getsystemdirectory.obj.enc
c:\users\win525\desktop\workspace\c++\window\systemswindow\windowssystem\windowssystem\debug\windowssystem.tlog\cl.command.1.tlog
c:\users\win525\desktop\workspace\c++\window\systemswindow\windowssystem\windowssystem\debug\windowssystem.tlog\cl.read.1.tlog
c:\users\win525\desktop\workspace\c++\window\systemswindow\windowssystem\windowssystem\debug\windowssystem.tlog\cl.write.1.tlog
c:\users\win525\desktop\workspace\c++\window\systemswindow\windowssystem\windowssystem\debug\windowssystem.tlog\link.command.1.tlog
c:\users\win525\desktop\workspace\c++\window\systemswindow\windowssystem\windowssystem\debug\windowssystem.tlog\link.read.1.tlog
c:\users\win525\desktop\workspace\c++\window\systemswindow\windowssystem\windowssystem\debug\windowssystem.tlog\link.write.1.tlog
